<?xml version="1.0" encoding="UTF-8"?>
<!-- Generated by org.testng.reporters.JUnitXMLReporter -->
<testsuite ignored="0" hostname="DESKTOP-B86JE8J" failures="0" tests="6" name="Regression" time="185.458" errors="0" timestamp="2023-08-09T20:48:52 BDT">
  <testcase classname="TestCases.PlaceOrderTest" name="place_order_test" time="73.634"/>
  <testcase classname="TestCases.RegistrationTest2" name="registration_feature_test" time="23.016"/>
  <testcase classname="TestCases.RegistrationTest2" name="registration_feature_test" time="18.409"/>
  <testcase classname="TestCases.RegistrationTest2" name="registration_feature_test" time="18.448"/>
  <testcase classname="TestCases.RegistrationTest2" name="registration_feature_test" time="19.837"/>
  <testcase classname="TestCases.RegistrationTest2" name="registration_feature_test" time="18.569"/>
</testsuite> <!-- Regression -->
