<?xml version="1.0" encoding="UTF-8"?>
<testsuite xmlns:xsi="http://www.w3.org/2001/XMLSchema-instance" xsi:noNamespaceSchemaLocation="https://maven.apache.org/surefire/maven-surefire-plugin/xsd/surefire-test-report-3.0.xsd" version="3.0" name="TestSuite" time="186.966" tests="6" errors="0" skipped="0" failures="0">
  <properties>
[...]
</properties>
  <testcase name="place_order_test" classname="TestCases.PlaceOrderTest" time="73.67">
    <system-out><![CDATA[On Start method invoked
Name of test method successfully executed:place_order_test
]]></system-out>
    <system-err><![CDATA[Aug 09, 2023 8:45:46 PM org.openqa.selenium.remote.service.DriverService$Builder getLogOutput
INFO: Driver logs no longer sent to console by default; https://www.selenium.dev/documentation/webdriver/drivers/service/#setting-log-output
Aug 09, 2023 8:45:48 PM org.openqa.selenium.manager.SeleniumManager lambda$runCommand$1
WARNING: The version of chrome cannot be detected. Trying with latest driver version
Aug 09, 2023 8:45:50 PM org.openqa.selenium.devtools.CdpVersionFinder findNearestMatch
WARNING: Unable to find an exact match for CDP version 115, so returning the closest version found: 114
]]></system-err>
  </testcase>
  <testcase name="registration_feature_test[Male, 20, May, 1995, wahidur-1435712367@gmail.com, Brainstation-23, checked, pass@1234, Your registration completed](1)" classname="TestCases.RegistrationTest2" time="23.025">
    <system-out><![CDATA[Name of test method successfully executed:registration_feature_test
]]></system-out>
    <system-err><![CDATA[Aug 09, 2023 8:47:04 PM org.openqa.selenium.remote.service.DriverService$Builder getLogOutput
INFO: Driver logs no longer sent to console by default; https://www.selenium.dev/documentation/webdriver/drivers/service/#setting-log-output
Aug 09, 2023 8:47:06 PM org.openqa.selenium.manager.SeleniumManager lambda$runCommand$1
WARNING: The version of chrome cannot be detected. Trying with latest driver version
Aug 09, 2023 8:47:07 PM org.openqa.selenium.devtools.CdpVersionFinder findNearestMatch
WARNING: Unable to find an exact match for CDP version 115, so returning the closest version found: 114
]]></system-err>
  </testcase>
  <testcase name="registration_feature_test[Female, 9, May, 1999, wahidur-800021234@gmail.com, Brainstation-23, unchecked, pass@1234, Your registration completed](2)" classname="TestCases.RegistrationTest2" time="18.414">
    <system-out><![CDATA[Name of test method successfully executed:registration_feature_test
]]></system-out>
    <system-err><![CDATA[Aug 09, 2023 8:47:30 PM org.openqa.selenium.remote.service.DriverService$Builder getLogOutput
INFO: Driver logs no longer sent to console by default; https://www.selenium.dev/documentation/webdriver/drivers/service/#setting-log-output
Aug 09, 2023 8:47:31 PM org.openqa.selenium.manager.SeleniumManager lambda$runCommand$1
WARNING: The version of chrome cannot be detected. Trying with latest driver version
Aug 09, 2023 8:47:31 PM org.openqa.selenium.devtools.CdpVersionFinder findNearestMatch
WARNING: Unable to find an exact match for CDP version 115, so returning the closest version found: 114
]]></system-err>
  </testcase>
  <testcase name="registration_feature_test[Female, 3, May, 2000, wahidur-485646300@gmail.com, Brainstation-23, unchecked, pass@1234, Your registration completed](3)" classname="TestCases.RegistrationTest2" time="18.452">
    <system-out><![CDATA[Name of test method successfully executed:registration_feature_test
]]></system-out>
    <system-err><![CDATA[Aug 09, 2023 8:47:50 PM org.openqa.selenium.remote.service.DriverService$Builder getLogOutput
INFO: Driver logs no longer sent to console by default; https://www.selenium.dev/documentation/webdriver/drivers/service/#setting-log-output
Aug 09, 2023 8:47:51 PM org.openqa.selenium.manager.SeleniumManager lambda$runCommand$1
WARNING: The version of chrome cannot be detected. Trying with latest driver version
Aug 09, 2023 8:47:51 PM org.openqa.selenium.devtools.CdpVersionFinder findNearestMatch
WARNING: Unable to find an exact match for CDP version 115, so returning the closest version found: 114
]]></system-err>
  </testcase>
  <testcase name="registration_feature_test[Male, 2, May, 2001, wahidur-2021697205@gmail.com, Brainstation-23, checked, pass@1234, Your registration completed](4)" classname="TestCases.RegistrationTest2" time="19.843">
    <system-out><![CDATA[Name of test method successfully executed:registration_feature_test
]]></system-out>
    <system-err><![CDATA[Aug 09, 2023 8:48:10 PM org.openqa.selenium.remote.service.DriverService$Builder getLogOutput
INFO: Driver logs no longer sent to console by default; https://www.selenium.dev/documentation/webdriver/drivers/service/#setting-log-output
Aug 09, 2023 8:48:11 PM org.openqa.selenium.manager.SeleniumManager lambda$runCommand$1
WARNING: The version of chrome cannot be detected. Trying with latest driver version
Aug 09, 2023 8:48:11 PM org.openqa.selenium.devtools.CdpVersionFinder findNearestMatch
WARNING: Unable to find an exact match for CDP version 115, so returning the closest version found: 114
]]></system-err>
  </testcase>
  <testcase name="registration_feature_test[Female, 10, May, 1990, wahidur-175535544@gmail.com, Brainstation-23, unchecked, pass@1234, Your registration completed](5)" classname="TestCases.RegistrationTest2" time="18.575">
    <system-out><![CDATA[Name of test method successfully executed:registration_feature_test
]]></system-out>
    <system-err><![CDATA[Aug 09, 2023 8:48:31 PM org.openqa.selenium.remote.service.DriverService$Builder getLogOutput
INFO: Driver logs no longer sent to console by default; https://www.selenium.dev/documentation/webdriver/drivers/service/#setting-log-output
Aug 09, 2023 8:48:32 PM org.openqa.selenium.manager.SeleniumManager lambda$runCommand$1
WARNING: The version of chrome cannot be detected. Trying with latest driver version
Aug 09, 2023 8:48:33 PM org.openqa.selenium.devtools.CdpVersionFinder findNearestMatch
WARNING: Unable to find an exact match for CDP version 115, so returning the closest version found: 114
]]></system-err>
  </testcase>
</testsuite>