<?xml version="1.0" encoding="UTF-8"?>
<testng-results ignored="0" total="6" passed="6" failed="0" skipped="0">
  <reporter-output>
  </reporter-output>
  <suite started-at="2023-08-09T20:45:46 BDT" name="Testing Web Apps" finished-at="2023-08-09T20:48:51 BDT" duration-ms="185458">
    <groups>
    </groups>
    <test started-at="2023-08-09T20:45:46 BDT" name="Regression" finished-at="2023-08-09T20:48:51 BDT" duration-ms="185458">
      <class name="TestCases.PlaceOrderTest">
        <test-method is-config="true" signature="setup()[pri:0, instance:TestCases.PlaceOrderTest@533b266e]" started-at="2023-08-09T20:45:46 BDT" name="setup" finished-at="2023-08-09T20:45:50 BDT" duration-ms="3800" status="PASS">
          <reporter-output>
          </reporter-output>
        </test-method> <!-- setup -->
        <test-method signature="place_order_test()[pri:0, instance:TestCases.PlaceOrderTest@533b266e]" started-at="2023-08-09T20:45:50 BDT" name="place_order_test" finished-at="2023-08-09T20:47:04 BDT" duration-ms="73634" status="PASS">
          <reporter-output>
          </reporter-output>
        </test-method> <!-- place_order_test -->
        <test-method is-config="true" signature="teardown()[pri:0, instance:TestCases.PlaceOrderTest@533b266e]" started-at="2023-08-09T20:47:04 BDT" name="teardown" finished-at="2023-08-09T20:47:04 BDT" duration-ms="112" status="PASS">
          <reporter-output>
          </reporter-output>
        </test-method> <!-- teardown -->
      </class> <!-- TestCases.PlaceOrderTest -->
      <class name="TestCases.RegistrationTest2">
        <test-method is-config="true" signature="setup()[pri:0, instance:TestCases.RegistrationTest2@303e3593]" started-at="2023-08-09T20:47:04 BDT" name="setup" finished-at="2023-08-09T20:47:07 BDT" duration-ms="3056" status="PASS">
          <reporter-output>
          </reporter-output>
        </test-method> <!-- setup -->
        <test-method signature="registration_feature_test(java.lang.String,java.lang.String,java.lang.String,java.lang.String,java.lang.String,java.lang.String,java.lang.String,java.lang.String,java.lang.String)[pri:0, instance:TestCases.RegistrationTest2@303e3593]" started-at="2023-08-09T20:47:07 BDT" name="registration_feature_test" data-provider="dataSupplier" finished-at="2023-08-09T20:47:30 BDT" duration-ms="23016" status="PASS">
          <params>
            <param index="0">
              <value>
                <![CDATA[Male]]>
              </value>
            </param>
            <param index="1">
              <value>
                <![CDATA[20]]>
              </value>
            </param>
            <param index="2">
              <value>
                <![CDATA[May]]>
              </value>
            </param>
            <param index="3">
              <value>
                <![CDATA[1995]]>
              </value>
            </param>
            <param index="4">
              <value>
                <![CDATA[wahidur-1435712367@gmail.com]]>
              </value>
            </param>
            <param index="5">
              <value>
                <![CDATA[Brainstation-23]]>
              </value>
            </param>
            <param index="6">
              <value>
                <![CDATA[checked]]>
              </value>
            </param>
            <param index="7">
              <value>
                <![CDATA[pass@1234]]>
              </value>
            </param>
            <param index="8">
              <value>
                <![CDATA[Your registration completed]]>
              </value>
            </param>
          </params>
          <reporter-output>
          </reporter-output>
        </test-method> <!-- registration_feature_test -->
        <test-method is-config="true" signature="teardown()[pri:0, instance:TestCases.RegistrationTest2@303e3593]" started-at="2023-08-09T20:47:30 BDT" name="teardown" finished-at="2023-08-09T20:47:30 BDT" duration-ms="128" status="PASS">
          <reporter-output>
          </reporter-output>
        </test-method> <!-- teardown -->
        <test-method is-config="true" signature="setup()[pri:0, instance:TestCases.RegistrationTest2@303e3593]" started-at="2023-08-09T20:47:30 BDT" name="setup" finished-at="2023-08-09T20:47:31 BDT" duration-ms="1340" status="PASS">
          <reporter-output>
          </reporter-output>
        </test-method> <!-- setup -->
        <test-method signature="registration_feature_test(java.lang.String,java.lang.String,java.lang.String,java.lang.String,java.lang.String,java.lang.String,java.lang.String,java.lang.String,java.lang.String)[pri:0, instance:TestCases.RegistrationTest2@303e3593]" started-at="2023-08-09T20:47:31 BDT" name="registration_feature_test" data-provider="dataSupplier" finished-at="2023-08-09T20:47:50 BDT" duration-ms="18409" status="PASS">
          <params>
            <param index="0">
              <value>
                <![CDATA[Female]]>
              </value>
            </param>
            <param index="1">
              <value>
                <![CDATA[9]]>
              </value>
            </param>
            <param index="2">
              <value>
                <![CDATA[May]]>
              </value>
            </param>
            <param index="3">
              <value>
                <![CDATA[1999]]>
              </value>
            </param>
            <param index="4">
              <value>
                <![CDATA[wahidur-800021234@gmail.com]]>
              </value>
            </param>
            <param index="5">
              <value>
                <![CDATA[Brainstation-23]]>
              </value>
            </param>
            <param index="6">
              <value>
                <![CDATA[unchecked]]>
              </value>
            </param>
            <param index="7">
              <value>
                <![CDATA[pass@1234]]>
              </value>
            </param>
            <param index="8">
              <value>
                <![CDATA[Your registration completed]]>
              </value>
            </param>
          </params>
          <reporter-output>
          </reporter-output>
        </test-method> <!-- registration_feature_test -->
        <test-method is-config="true" signature="teardown()[pri:0, instance:TestCases.RegistrationTest2@303e3593]" started-at="2023-08-09T20:47:50 BDT" name="teardown" finished-at="2023-08-09T20:47:50 BDT" duration-ms="133" status="PASS">
          <reporter-output>
          </reporter-output>
        </test-method> <!-- teardown -->
        <test-method is-config="true" signature="setup()[pri:0, instance:TestCases.RegistrationTest2@303e3593]" started-at="2023-08-09T20:47:50 BDT" name="setup" finished-at="2023-08-09T20:47:51 BDT" duration-ms="1372" status="PASS">
          <reporter-output>
          </reporter-output>
        </test-method> <!-- setup -->
        <test-method signature="registration_feature_test(java.lang.String,java.lang.String,java.lang.String,java.lang.String,java.lang.String,java.lang.String,java.lang.String,java.lang.String,java.lang.String)[pri:0, instance:TestCases.RegistrationTest2@303e3593]" started-at="2023-08-09T20:47:51 BDT" name="registration_feature_test" data-provider="dataSupplier" finished-at="2023-08-09T20:48:10 BDT" duration-ms="18448" status="PASS">
          <params>
            <param index="0">
              <value>
                <![CDATA[Female]]>
              </value>
            </param>
            <param index="1">
              <value>
                <![CDATA[3]]>
              </value>
            </param>
            <param index="2">
              <value>
                <![CDATA[May]]>
              </value>
            </param>
            <param index="3">
              <value>
                <![CDATA[2000]]>
              </value>
            </param>
            <param index="4">
              <value>
                <![CDATA[wahidur-485646300@gmail.com]]>
              </value>
            </param>
            <param index="5">
              <value>
                <![CDATA[Brainstation-23]]>
              </value>
            </param>
            <param index="6">
              <value>
                <![CDATA[unchecked]]>
              </value>
            </param>
            <param index="7">
              <value>
                <![CDATA[pass@1234]]>
              </value>
            </param>
            <param index="8">
              <value>
                <![CDATA[Your registration completed]]>
              </value>
            </param>
          </params>
          <reporter-output>
          </reporter-output>
        </test-method> <!-- registration_feature_test -->
        <test-method is-config="true" signature="teardown()[pri:0, instance:TestCases.RegistrationTest2@303e3593]" started-at="2023-08-09T20:48:10 BDT" name="teardown" finished-at="2023-08-09T20:48:10 BDT" duration-ms="123" status="PASS">
          <reporter-output>
          </reporter-output>
        </test-method> <!-- teardown -->
        <test-method is-config="true" signature="setup()[pri:0, instance:TestCases.RegistrationTest2@303e3593]" started-at="2023-08-09T20:48:10 BDT" name="setup" finished-at="2023-08-09T20:48:11 BDT" duration-ms="1319" status="PASS">
          <reporter-output>
          </reporter-output>
        </test-method> <!-- setup -->
        <test-method signature="registration_feature_test(java.lang.String,java.lang.String,java.lang.String,java.lang.String,java.lang.String,java.lang.String,java.lang.String,java.lang.String,java.lang.String)[pri:0, instance:TestCases.RegistrationTest2@303e3593]" started-at="2023-08-09T20:48:11 BDT" name="registration_feature_test" data-provider="dataSupplier" finished-at="2023-08-09T20:48:31 BDT" duration-ms="19837" status="PASS">
          <params>
            <param index="0">
              <value>
                <![CDATA[Male]]>
              </value>
            </param>
            <param index="1">
              <value>
                <![CDATA[2]]>
              </value>
            </param>
            <param index="2">
              <value>
                <![CDATA[May]]>
              </value>
            </param>
            <param index="3">
              <value>
                <![CDATA[2001]]>
              </value>
            </param>
            <param index="4">
              <value>
                <![CDATA[wahidur-2021697205@gmail.com]]>
              </value>
            </param>
            <param index="5">
              <value>
                <![CDATA[Brainstation-23]]>
              </value>
            </param>
            <param index="6">
              <value>
                <![CDATA[checked]]>
              </value>
            </param>
            <param index="7">
              <value>
                <![CDATA[pass@1234]]>
              </value>
            </param>
            <param index="8">
              <value>
                <![CDATA[Your registration completed]]>
              </value>
            </param>
          </params>
          <reporter-output>
          </reporter-output>
        </test-method> <!-- registration_feature_test -->
        <test-method is-config="true" signature="teardown()[pri:0, instance:TestCases.RegistrationTest2@303e3593]" started-at="2023-08-09T20:48:31 BDT" name="teardown" finished-at="2023-08-09T20:48:31 BDT" duration-ms="115" status="PASS">
          <reporter-output>
          </reporter-output>
        </test-method> <!-- teardown -->
        <test-method is-config="true" signature="setup()[pri:0, instance:TestCases.RegistrationTest2@303e3593]" started-at="2023-08-09T20:48:31 BDT" name="setup" finished-at="2023-08-09T20:48:33 BDT" duration-ms="1445" status="PASS">
          <reporter-output>
          </reporter-output>
        </test-method> <!-- setup -->
        <test-method signature="registration_feature_test(java.lang.String,java.lang.String,java.lang.String,java.lang.String,java.lang.String,java.lang.String,java.lang.String,java.lang.String,java.lang.String)[pri:0, instance:TestCases.RegistrationTest2@303e3593]" started-at="2023-08-09T20:48:33 BDT" name="registration_feature_test" data-provider="dataSupplier" finished-at="2023-08-09T20:48:51 BDT" duration-ms="18569" status="PASS">
          <params>
            <param index="0">
              <value>
                <![CDATA[Female]]>
              </value>
            </param>
            <param index="1">
              <value>
                <![CDATA[10]]>
              </value>
            </param>
            <param index="2">
              <value>
                <![CDATA[May]]>
              </value>
            </param>
            <param index="3">
              <value>
                <![CDATA[1990]]>
              </value>
            </param>
            <param index="4">
              <value>
                <![CDATA[wahidur-175535544@gmail.com]]>
              </value>
            </param>
            <param index="5">
              <value>
                <![CDATA[Brainstation-23]]>
              </value>
            </param>
            <param index="6">
              <value>
                <![CDATA[unchecked]]>
              </value>
            </param>
            <param index="7">
              <value>
                <![CDATA[pass@1234]]>
              </value>
            </param>
            <param index="8">
              <value>
                <![CDATA[Your registration completed]]>
              </value>
            </param>
          </params>
          <reporter-output>
          </reporter-output>
        </test-method> <!-- registration_feature_test -->
        <test-method is-config="true" signature="teardown()[pri:0, instance:TestCases.RegistrationTest2@303e3593]" started-at="2023-08-09T20:48:51 BDT" name="teardown" finished-at="2023-08-09T20:48:51 BDT" duration-ms="118" status="PASS">
          <reporter-output>
          </reporter-output>
        </test-method> <!-- teardown -->
      </class> <!-- TestCases.RegistrationTest2 -->
    </test> <!-- Regression -->
  </suite> <!-- Testing Web Apps -->
</testng-results>
