<?xml version="1.0" encoding="UTF-8"?>
<testng-results ignored="0" total="6" passed="6" failed="0" skipped="0">
  <reporter-output>
  </reporter-output>
  <suite started-at="2023-08-09T21:01:41 BDT" name="Testing Web Apps" finished-at="2023-08-09T21:04:56 BDT" duration-ms="194691">
    <groups>
    </groups>
    <test started-at="2023-08-09T21:01:41 BDT" name="Regression" finished-at="2023-08-09T21:04:56 BDT" duration-ms="194691">
      <class name="TestCases.PlaceOrderTest">
        <test-method is-config="true" signature="setup()[pri:0, instance:TestCases.PlaceOrderTest@26be6ca7]" started-at="2023-08-09T21:01:42 BDT" name="setup" finished-at="2023-08-09T21:01:47 BDT" duration-ms="5032" status="PASS">
          <reporter-output>
          </reporter-output>
        </test-method> <!-- setup -->
        <test-method signature="place_order_test()[pri:0, instance:TestCases.PlaceOrderTest@26be6ca7]" started-at="2023-08-09T21:01:47 BDT" name="place_order_test" finished-at="2023-08-09T21:03:06 BDT" duration-ms="78909" status="PASS">
          <reporter-output>
          </reporter-output>
        </test-method> <!-- place_order_test -->
        <test-method is-config="true" signature="teardown()[pri:0, instance:TestCases.PlaceOrderTest@26be6ca7]" started-at="2023-08-09T21:03:06 BDT" name="teardown" finished-at="2023-08-09T21:03:06 BDT" duration-ms="180" status="PASS">
          <reporter-output>
          </reporter-output>
        </test-method> <!-- teardown -->
      </class> <!-- TestCases.PlaceOrderTest -->
      <class name="TestCases.RegistrationTest2">
        <test-method is-config="true" signature="setup()[pri:0, instance:TestCases.RegistrationTest2@4e4efc1b]" started-at="2023-08-09T21:03:06 BDT" name="setup" finished-at="2023-08-09T21:03:08 BDT" duration-ms="2304" status="PASS">
          <reporter-output>
          </reporter-output>
        </test-method> <!-- setup -->
        <test-method signature="registration_feature_test(java.lang.String,java.lang.String,java.lang.String,java.lang.String,java.lang.String,java.lang.String,java.lang.String,java.lang.String,java.lang.String)[pri:0, instance:TestCases.RegistrationTest2@4e4efc1b]" started-at="2023-08-09T21:03:08 BDT" name="registration_feature_test" data-provider="dataSupplier" finished-at="2023-08-09T21:03:30 BDT" duration-ms="21149" status="PASS">
          <params>
            <param index="0">
              <value>
                <![CDATA[Male]]>
              </value>
            </param>
            <param index="1">
              <value>
                <![CDATA[20]]>
              </value>
            </param>
            <param index="2">
              <value>
                <![CDATA[May]]>
              </value>
            </param>
            <param index="3">
              <value>
                <![CDATA[1995]]>
              </value>
            </param>
            <param index="4">
              <value>
                <![CDATA[wahidur1370757262@gmail.com]]>
              </value>
            </param>
            <param index="5">
              <value>
                <![CDATA[Brainstation-23]]>
              </value>
            </param>
            <param index="6">
              <value>
                <![CDATA[checked]]>
              </value>
            </param>
            <param index="7">
              <value>
                <![CDATA[pass@1234]]>
              </value>
            </param>
            <param index="8">
              <value>
                <![CDATA[Your registration completed]]>
              </value>
            </param>
          </params>
          <reporter-output>
          </reporter-output>
        </test-method> <!-- registration_feature_test -->
        <test-method is-config="true" signature="teardown()[pri:0, instance:TestCases.RegistrationTest2@4e4efc1b]" started-at="2023-08-09T21:03:30 BDT" name="teardown" finished-at="2023-08-09T21:03:30 BDT" duration-ms="167" status="PASS">
          <reporter-output>
          </reporter-output>
        </test-method> <!-- teardown -->
        <test-method is-config="true" signature="setup()[pri:0, instance:TestCases.RegistrationTest2@4e4efc1b]" started-at="2023-08-09T21:03:30 BDT" name="setup" finished-at="2023-08-09T21:03:31 BDT" duration-ms="1700" status="PASS">
          <reporter-output>
          </reporter-output>
        </test-method> <!-- setup -->
        <test-method signature="registration_feature_test(java.lang.String,java.lang.String,java.lang.String,java.lang.String,java.lang.String,java.lang.String,java.lang.String,java.lang.String,java.lang.String)[pri:0, instance:TestCases.RegistrationTest2@4e4efc1b]" started-at="2023-08-09T21:03:31 BDT" name="registration_feature_test" data-provider="dataSupplier" finished-at="2023-08-09T21:03:52 BDT" duration-ms="20155" status="PASS">
          <params>
            <param index="0">
              <value>
                <![CDATA[Female]]>
              </value>
            </param>
            <param index="1">
              <value>
                <![CDATA[9]]>
              </value>
            </param>
            <param index="2">
              <value>
                <![CDATA[May]]>
              </value>
            </param>
            <param index="3">
              <value>
                <![CDATA[1999]]>
              </value>
            </param>
            <param index="4">
              <value>
                <![CDATA[wahidur-1781879625@gmail.com]]>
              </value>
            </param>
            <param index="5">
              <value>
                <![CDATA[Brainstation-23]]>
              </value>
            </param>
            <param index="6">
              <value>
                <![CDATA[unchecked]]>
              </value>
            </param>
            <param index="7">
              <value>
                <![CDATA[pass@1234]]>
              </value>
            </param>
            <param index="8">
              <value>
                <![CDATA[Your registration completed]]>
              </value>
            </param>
          </params>
          <reporter-output>
          </reporter-output>
        </test-method> <!-- registration_feature_test -->
        <test-method is-config="true" signature="teardown()[pri:0, instance:TestCases.RegistrationTest2@4e4efc1b]" started-at="2023-08-09T21:03:52 BDT" name="teardown" finished-at="2023-08-09T21:03:52 BDT" duration-ms="169" status="PASS">
          <reporter-output>
          </reporter-output>
        </test-method> <!-- teardown -->
        <test-method is-config="true" signature="setup()[pri:0, instance:TestCases.RegistrationTest2@4e4efc1b]" started-at="2023-08-09T21:03:52 BDT" name="setup" finished-at="2023-08-09T21:03:53 BDT" duration-ms="1676" status="PASS">
          <reporter-output>
          </reporter-output>
        </test-method> <!-- setup -->
        <test-method signature="registration_feature_test(java.lang.String,java.lang.String,java.lang.String,java.lang.String,java.lang.String,java.lang.String,java.lang.String,java.lang.String,java.lang.String)[pri:0, instance:TestCases.RegistrationTest2@4e4efc1b]" started-at="2023-08-09T21:03:53 BDT" name="registration_feature_test" data-provider="dataSupplier" finished-at="2023-08-09T21:04:12 BDT" duration-ms="18993" status="PASS">
          <params>
            <param index="0">
              <value>
                <![CDATA[Female]]>
              </value>
            </param>
            <param index="1">
              <value>
                <![CDATA[3]]>
              </value>
            </param>
            <param index="2">
              <value>
                <![CDATA[May]]>
              </value>
            </param>
            <param index="3">
              <value>
                <![CDATA[2000]]>
              </value>
            </param>
            <param index="4">
              <value>
                <![CDATA[wahidur-1658268368@gmail.com]]>
              </value>
            </param>
            <param index="5">
              <value>
                <![CDATA[Brainstation-23]]>
              </value>
            </param>
            <param index="6">
              <value>
                <![CDATA[unchecked]]>
              </value>
            </param>
            <param index="7">
              <value>
                <![CDATA[pass@1234]]>
              </value>
            </param>
            <param index="8">
              <value>
                <![CDATA[Your registration completed]]>
              </value>
            </param>
          </params>
          <reporter-output>
          </reporter-output>
        </test-method> <!-- registration_feature_test -->
        <test-method is-config="true" signature="teardown()[pri:0, instance:TestCases.RegistrationTest2@4e4efc1b]" started-at="2023-08-09T21:04:12 BDT" name="teardown" finished-at="2023-08-09T21:04:13 BDT" duration-ms="161" status="PASS">
          <reporter-output>
          </reporter-output>
        </test-method> <!-- teardown -->
        <test-method is-config="true" signature="setup()[pri:0, instance:TestCases.RegistrationTest2@4e4efc1b]" started-at="2023-08-09T21:04:13 BDT" name="setup" finished-at="2023-08-09T21:04:14 BDT" duration-ms="1685" status="PASS">
          <reporter-output>
          </reporter-output>
        </test-method> <!-- setup -->
        <test-method signature="registration_feature_test(java.lang.String,java.lang.String,java.lang.String,java.lang.String,java.lang.String,java.lang.String,java.lang.String,java.lang.String,java.lang.String)[pri:0, instance:TestCases.RegistrationTest2@4e4efc1b]" started-at="2023-08-09T21:04:14 BDT" name="registration_feature_test" data-provider="dataSupplier" finished-at="2023-08-09T21:04:33 BDT" duration-ms="18986" status="PASS">
          <params>
            <param index="0">
              <value>
                <![CDATA[Male]]>
              </value>
            </param>
            <param index="1">
              <value>
                <![CDATA[2]]>
              </value>
            </param>
            <param index="2">
              <value>
                <![CDATA[May]]>
              </value>
            </param>
            <param index="3">
              <value>
                <![CDATA[2001]]>
              </value>
            </param>
            <param index="4">
              <value>
                <![CDATA[wahidur-138543738@gmail.com]]>
              </value>
            </param>
            <param index="5">
              <value>
                <![CDATA[Brainstation-23]]>
              </value>
            </param>
            <param index="6">
              <value>
                <![CDATA[checked]]>
              </value>
            </param>
            <param index="7">
              <value>
                <![CDATA[pass@1234]]>
              </value>
            </param>
            <param index="8">
              <value>
                <![CDATA[Your registration completed]]>
              </value>
            </param>
          </params>
          <reporter-output>
          </reporter-output>
        </test-method> <!-- registration_feature_test -->
        <test-method is-config="true" signature="teardown()[pri:0, instance:TestCases.RegistrationTest2@4e4efc1b]" started-at="2023-08-09T21:04:33 BDT" name="teardown" finished-at="2023-08-09T21:04:33 BDT" duration-ms="171" status="PASS">
          <reporter-output>
          </reporter-output>
        </test-method> <!-- teardown -->
        <test-method is-config="true" signature="setup()[pri:0, instance:TestCases.RegistrationTest2@4e4efc1b]" started-at="2023-08-09T21:04:33 BDT" name="setup" finished-at="2023-08-09T21:04:35 BDT" duration-ms="1646" status="PASS">
          <reporter-output>
          </reporter-output>
        </test-method> <!-- setup -->
        <test-method signature="registration_feature_test(java.lang.String,java.lang.String,java.lang.String,java.lang.String,java.lang.String,java.lang.String,java.lang.String,java.lang.String,java.lang.String)[pri:0, instance:TestCases.RegistrationTest2@4e4efc1b]" started-at="2023-08-09T21:04:35 BDT" name="registration_feature_test" data-provider="dataSupplier" finished-at="2023-08-09T21:04:56 BDT" duration-ms="20946" status="PASS">
          <params>
            <param index="0">
              <value>
                <![CDATA[Female]]>
              </value>
            </param>
            <param index="1">
              <value>
                <![CDATA[10]]>
              </value>
            </param>
            <param index="2">
              <value>
                <![CDATA[May]]>
              </value>
            </param>
            <param index="3">
              <value>
                <![CDATA[1990]]>
              </value>
            </param>
            <param index="4">
              <value>
                <![CDATA[wahidur-1938963705@gmail.com]]>
              </value>
            </param>
            <param index="5">
              <value>
                <![CDATA[Brainstation-23]]>
              </value>
            </param>
            <param index="6">
              <value>
                <![CDATA[unchecked]]>
              </value>
            </param>
            <param index="7">
              <value>
                <![CDATA[pass@1234]]>
              </value>
            </param>
            <param index="8">
              <value>
                <![CDATA[Your registration completed]]>
              </value>
            </param>
          </params>
          <reporter-output>
          </reporter-output>
        </test-method> <!-- registration_feature_test -->
        <test-method is-config="true" signature="teardown()[pri:0, instance:TestCases.RegistrationTest2@4e4efc1b]" started-at="2023-08-09T21:04:56 BDT" name="teardown" finished-at="2023-08-09T21:04:56 BDT" duration-ms="154" status="PASS">
          <reporter-output>
          </reporter-output>
        </test-method> <!-- teardown -->
      </class> <!-- TestCases.RegistrationTest2 -->
    </test> <!-- Regression -->
  </suite> <!-- Testing Web Apps -->
</testng-results>
