<?xml version="1.0" encoding="UTF-8"?>
<!-- Generated by org.testng.reporters.JUnitXMLReporter -->
<testsuite ignored="0" hostname="DESKTOP-B86JE8J" failures="0" tests="6" name="Regression" time="194.691" errors="0" timestamp="2023-08-09T21:04:57 BDT">
  <testcase classname="TestCases.PlaceOrderTest" name="place_order_test" time="78.909"/>
  <testcase classname="TestCases.RegistrationTest2" name="registration_feature_test" time="21.149"/>
  <testcase classname="TestCases.RegistrationTest2" name="registration_feature_test" time="20.155"/>
  <testcase classname="TestCases.RegistrationTest2" name="registration_feature_test" time="18.993"/>
  <testcase classname="TestCases.RegistrationTest2" name="registration_feature_test" time="18.986"/>
  <testcase classname="TestCases.RegistrationTest2" name="registration_feature_test" time="20.946"/>
</testsuite> <!-- Regression -->
